{"/home/doolanw/Coder Academy/Term_3/assessment/Wade Doolan_T3A2-B/customer-credit-app/customer-credit-app-api/src/server.js": {"path":"/home/doolanw/Coder Academy/Term_3/assessment/Wade Doolan_T3A2-B/customer-credit-app/customer-credit-app-api/src/server.js","statementMap":{"0":{"start":{"line":1,"column":16},"end":{"line":1,"column":34}},"1":{"start":{"line":2,"column":13},"end":{"line":2,"column":28}},"2":{"start":{"line":3,"column":15},"end":{"line":3,"column":32}},"3":{"start":{"line":4,"column":15},"end":{"line":4,"column":41}},"4":{"start":{"line":6,"column":19},"end":{"line":6,"column":60}},"5":{"start":{"line":7,"column":23},"end":{"line":7,"column":72}},"6":{"start":{"line":8,"column":22},"end":{"line":8,"column":68}},"7":{"start":{"line":11,"column":12},"end":{"line":11,"column":21}},"8":{"start":{"line":13,"column":0},"end":{"line":13,"column":18}},"9":{"start":{"line":15,"column":0},"end":{"line":15,"column":24}},"10":{"start":{"line":17,"column":19},"end":{"line":20,"column":1}},"11":{"start":{"line":22,"column":0},"end":{"line":22,"column":26}},"12":{"start":{"line":24,"column":13},"end":{"line":24,"column":37}},"13":{"start":{"line":26,"column":0},"end":{"line":30,"column":2}},"14":{"start":{"line":27,"column":4},"end":{"line":29,"column":6}},"15":{"start":{"line":32,"column":0},"end":{"line":32,"column":37}},"16":{"start":{"line":33,"column":0},"end":{"line":33,"column":34}},"17":{"start":{"line":34,"column":0},"end":{"line":34,"column":28}},"18":{"start":{"line":36,"column":0},"end":{"line":39,"column":1}}},"fnMap":{"0":{"name":"(anonymous_0)","decl":{"start":{"line":26,"column":13},"end":{"line":26,"column":14}},"loc":{"start":{"line":26,"column":27},"end":{"line":30,"column":1}},"line":26}},"branchMap":{"0":{"loc":{"start":{"line":24,"column":13},"end":{"line":24,"column":37}},"type":"binary-expr","locations":[{"start":{"line":24,"column":13},"end":{"line":24,"column":29}},{"start":{"line":24,"column":33},"end":{"line":24,"column":37}}],"line":24}},"s":{"0":4,"1":4,"2":4,"3":4,"4":4,"5":4,"6":4,"7":4,"8":4,"9":4,"10":4,"11":4,"12":4,"13":4,"14":2,"15":4,"16":4,"17":4,"18":4},"f":{"0":2},"b":{"0":[4,0]},"_coverageSchema":"1a1c01bbd47fc00a2c39e90264f33305004495a9","hash":"4205fab711c77d014ee9dd87a8e5c8e636b81c23"}
,"/home/doolanw/Coder Academy/Term_3/assessment/Wade Doolan_T3A2-B/customer-credit-app/customer-credit-app-api/src/controllers/customers/customerFunctions.js": {"path":"/home/doolanw/Coder Academy/Term_3/assessment/Wade Doolan_T3A2-B/customer-credit-app/customer-credit-app-api/src/controllers/customers/customerFunctions.js","statementMap":{"0":{"start":{"line":3,"column":17},"end":{"line":3,"column":49}},"1":{"start":{"line":10,"column":22},"end":{"line":10,"column":91}},"2":{"start":{"line":12,"column":4},"end":{"line":12,"column":20}},"3":{"start":{"line":18,"column":4},"end":{"line":24,"column":5}},"4":{"start":{"line":19,"column":25},"end":{"line":19,"column":60}},"5":{"start":{"line":20,"column":8},"end":{"line":20,"column":23}},"6":{"start":{"line":22,"column":8},"end":{"line":22,"column":27}},"7":{"start":{"line":32,"column":24},"end":{"line":32,"column":55}},"8":{"start":{"line":33,"column":4},"end":{"line":33,"column":22}},"9":{"start":{"line":39,"column":27},"end":{"line":39,"column":110}},"10":{"start":{"line":41,"column":4},"end":{"line":41,"column":25}},"11":{"start":{"line":48,"column":28},"end":{"line":48,"column":72}},"12":{"start":{"line":50,"column":4},"end":{"line":50,"column":27}},"13":{"start":{"line":56,"column":0},"end":{"line":62,"column":1}}},"fnMap":{"0":{"name":"getCustomers","decl":{"start":{"line":7,"column":15},"end":{"line":7,"column":27}},"loc":{"start":{"line":7,"column":43},"end":{"line":13,"column":1}},"line":7},"1":{"name":"getCustomerById","decl":{"start":{"line":16,"column":15},"end":{"line":16,"column":30}},"loc":{"start":{"line":16,"column":43},"end":{"line":26,"column":1}},"line":16},"2":{"name":"addCustomer","decl":{"start":{"line":30,"column":15},"end":{"line":30,"column":26}},"loc":{"start":{"line":30,"column":37},"end":{"line":34,"column":1}},"line":30},"3":{"name":"updateCustomer","decl":{"start":{"line":38,"column":15},"end":{"line":38,"column":29}},"loc":{"start":{"line":38,"column":52},"end":{"line":42,"column":1}},"line":38},"4":{"name":"deleteCustomer","decl":{"start":{"line":46,"column":15},"end":{"line":46,"column":29}},"loc":{"start":{"line":46,"column":42},"end":{"line":52,"column":1}},"line":46}},"branchMap":{"0":{"loc":{"start":{"line":10,"column":22},"end":{"line":10,"column":91}},"type":"cond-expr","locations":[{"start":{"line":10,"column":30},"end":{"line":10,"column":51}},{"start":{"line":10,"column":54},"end":{"line":10,"column":91}}],"line":10}},"s":{"0":4,"1":2,"2":2,"3":3,"4":3,"5":2,"6":1,"7":2,"8":2,"9":2,"10":2,"11":2,"12":2,"13":4},"f":{"0":2,"1":3,"2":2,"3":2,"4":2},"b":{"0":[1,1]},"_coverageSchema":"1a1c01bbd47fc00a2c39e90264f33305004495a9","hash":"227c92b1fd68c621c31de52065e8b2c0109d544a"}
,"/home/doolanw/Coder Academy/Term_3/assessment/Wade Doolan_T3A2-B/customer-credit-app/customer-credit-app-api/src/controllers/customers/customerRoutes.js": {"path":"/home/doolanw/Coder Academy/Term_3/assessment/Wade Doolan_T3A2-B/customer-credit-app/customer-credit-app-api/src/controllers/customers/customerRoutes.js","statementMap":{"0":{"start":{"line":1,"column":0},"end":{"line":1,"column":29}},"1":{"start":{"line":3,"column":87},"end":{"line":3,"column":117}},"2":{"start":{"line":5,"column":13},"end":{"line":5,"column":46}},"3":{"start":{"line":7,"column":23},"end":{"line":7,"column":39}},"4":{"start":{"line":11,"column":0},"end":{"line":20,"column":2}},"5":{"start":{"line":13,"column":19},"end":{"line":13,"column":33}},"6":{"start":{"line":14,"column":18},"end":{"line":14,"column":35}},"7":{"start":{"line":17,"column":22},"end":{"line":17,"column":55}},"8":{"start":{"line":19,"column":4},"end":{"line":19,"column":23}},"9":{"start":{"line":22,"column":0},"end":{"line":33,"column":2}},"10":{"start":{"line":23,"column":21},"end":{"line":23,"column":65}},"11":{"start":{"line":25,"column":4},"end":{"line":29,"column":5}},"12":{"start":{"line":26,"column":8},"end":{"line":28,"column":10}},"13":{"start":{"line":31,"column":4},"end":{"line":31,"column":22}},"14":{"start":{"line":35,"column":0},"end":{"line":50,"column":2}},"15":{"start":{"line":37,"column":19},"end":{"line":37,"column":33}},"16":{"start":{"line":39,"column":21},"end":{"line":46,"column":6}},"17":{"start":{"line":48,"column":4},"end":{"line":48,"column":22}},"18":{"start":{"line":52,"column":0},"end":{"line":63,"column":2}},"19":{"start":{"line":53,"column":28},"end":{"line":60,"column":6}},"20":{"start":{"line":62,"column":4},"end":{"line":62,"column":29}},"21":{"start":{"line":65,"column":0},"end":{"line":71,"column":2}},"22":{"start":{"line":66,"column":21},"end":{"line":66,"column":64}},"23":{"start":{"line":67,"column":4},"end":{"line":67,"column":22}},"24":{"start":{"line":75,"column":0},"end":{"line":75,"column":31}}},"fnMap":{"0":{"name":"(anonymous_0)","decl":{"start":{"line":11,"column":30},"end":{"line":11,"column":31}},"loc":{"start":{"line":11,"column":50},"end":{"line":20,"column":1}},"line":11},"1":{"name":"(anonymous_1)","decl":{"start":{"line":22,"column":41},"end":{"line":22,"column":42}},"loc":{"start":{"line":22,"column":61},"end":{"line":33,"column":1}},"line":22},"2":{"name":"(anonymous_2)","decl":{"start":{"line":35,"column":31},"end":{"line":35,"column":32}},"loc":{"start":{"line":35,"column":51},"end":{"line":50,"column":1}},"line":35},"3":{"name":"(anonymous_3)","decl":{"start":{"line":52,"column":41},"end":{"line":52,"column":42}},"loc":{"start":{"line":52,"column":61},"end":{"line":63,"column":1}},"line":52},"4":{"name":"(anonymous_4)","decl":{"start":{"line":65,"column":44},"end":{"line":65,"column":45}},"loc":{"start":{"line":65,"column":64},"end":{"line":71,"column":1}},"line":65}},"branchMap":{"0":{"loc":{"start":{"line":25,"column":4},"end":{"line":29,"column":5}},"type":"if","locations":[{"start":{"line":25,"column":4},"end":{"line":29,"column":5}},{"start":{},"end":{}}],"line":25}},"s":{"0":4,"1":4,"2":4,"3":4,"4":4,"5":2,"6":2,"7":2,"8":2,"9":4,"10":3,"11":3,"12":1,"13":3,"14":4,"15":2,"16":2,"17":2,"18":4,"19":2,"20":2,"21":4,"22":2,"23":2,"24":4},"f":{"0":2,"1":3,"2":2,"3":2,"4":2},"b":{"0":[1,2]},"_coverageSchema":"1a1c01bbd47fc00a2c39e90264f33305004495a9","hash":"e8a1105e7c868e6751aa19df0212af5e50094b97"}
,"/home/doolanw/Coder Academy/Term_3/assessment/Wade Doolan_T3A2-B/customer-credit-app/customer-credit-app-api/src/controllers/metrics/metricsFunctions.js": {"path":"/home/doolanw/Coder Academy/Term_3/assessment/Wade Doolan_T3A2-B/customer-credit-app/customer-credit-app-api/src/controllers/metrics/metricsFunctions.js","statementMap":{"0":{"start":{"line":1,"column":17},"end":{"line":1,"column":36}},"1":{"start":{"line":3,"column":17},"end":{"line":3,"column":49}},"2":{"start":{"line":4,"column":13},"end":{"line":4,"column":41}},"3":{"start":{"line":10,"column":4},"end":{"line":21,"column":5}},"4":{"start":{"line":11,"column":36},"end":{"line":13,"column":9}},"5":{"start":{"line":14,"column":8},"end":{"line":14,"column":41}},"6":{"start":{"line":17,"column":36},"end":{"line":19,"column":9}},"7":{"start":{"line":20,"column":8},"end":{"line":20,"column":41}},"8":{"start":{"line":32,"column":17},"end":{"line":32,"column":44}},"9":{"start":{"line":34,"column":22},"end":{"line":34,"column":23}},"10":{"start":{"line":36,"column":4},"end":{"line":38,"column":5}},"11":{"start":{"line":37,"column":8},"end":{"line":37,"column":39}},"12":{"start":{"line":42,"column":17},"end":{"line":42,"column":18}},"13":{"start":{"line":43,"column":4},"end":{"line":68,"column":5}},"14":{"start":{"line":45,"column":8},"end":{"line":53,"column":54}},"15":{"start":{"line":53,"column":29},"end":{"line":53,"column":51}},"16":{"start":{"line":57,"column":8},"end":{"line":66,"column":54}},"17":{"start":{"line":66,"column":29},"end":{"line":66,"column":51}},"18":{"start":{"line":70,"column":24},"end":{"line":70,"column":43}},"19":{"start":{"line":74,"column":29},"end":{"line":74,"column":54}},"20":{"start":{"line":76,"column":4},"end":{"line":79,"column":5}},"21":{"start":{"line":85,"column":0},"end":{"line":89,"column":1}}},"fnMap":{"0":{"name":"customerCount","decl":{"start":{"line":8,"column":15},"end":{"line":8,"column":28}},"loc":{"start":{"line":8,"column":44},"end":{"line":25,"column":1}},"line":8},"1":{"name":"sumCredit","decl":{"start":{"line":28,"column":15},"end":{"line":28,"column":24}},"loc":{"start":{"line":28,"column":40},"end":{"line":81,"column":1}},"line":28},"2":{"name":"(anonymous_2)","decl":{"start":{"line":53,"column":16},"end":{"line":53,"column":17}},"loc":{"start":{"line":53,"column":27},"end":{"line":53,"column":53}},"line":53},"3":{"name":"(anonymous_3)","decl":{"start":{"line":66,"column":16},"end":{"line":66,"column":17}},"loc":{"start":{"line":66,"column":27},"end":{"line":66,"column":53}},"line":66}},"branchMap":{"0":{"loc":{"start":{"line":10,"column":4},"end":{"line":21,"column":5}},"type":"if","locations":[{"start":{"line":10,"column":4},"end":{"line":21,"column":5}},{"start":{"line":16,"column":11},"end":{"line":21,"column":5}}],"line":10},"1":{"loc":{"start":{"line":36,"column":4},"end":{"line":38,"column":5}},"type":"if","locations":[{"start":{"line":36,"column":4},"end":{"line":38,"column":5}},{"start":{},"end":{}}],"line":36},"2":{"loc":{"start":{"line":43,"column":4},"end":{"line":68,"column":5}},"type":"if","locations":[{"start":{"line":43,"column":4},"end":{"line":68,"column":5}},{"start":{"line":55,"column":11},"end":{"line":68,"column":5}}],"line":43},"3":{"loc":{"start":{"line":70,"column":24},"end":{"line":70,"column":43}},"type":"cond-expr","locations":[{"start":{"line":70,"column":33},"end":{"line":70,"column":39}},{"start":{"line":70,"column":42},"end":{"line":70,"column":43}}],"line":70}},"s":{"0":4,"1":4,"2":4,"3":2,"4":1,"5":1,"6":1,"7":1,"8":2,"9":2,"10":2,"11":1,"12":2,"13":2,"14":1,"15":1,"16":1,"17":1,"18":2,"19":2,"20":2,"21":4},"f":{"0":2,"1":2,"2":1,"3":1},"b":{"0":[1,1],"1":[1,1],"2":[1,1],"3":[2,0]},"_coverageSchema":"1a1c01bbd47fc00a2c39e90264f33305004495a9","hash":"3a411fe2640a60c4a08145e8329722a1f4aca533"}
,"/home/doolanw/Coder Academy/Term_3/assessment/Wade Doolan_T3A2-B/customer-credit-app/customer-credit-app-api/src/controllers/metrics/metricsRoutes.js": {"path":"/home/doolanw/Coder Academy/Term_3/assessment/Wade Doolan_T3A2-B/customer-credit-app/customer-credit-app-api/src/controllers/metrics/metricsRoutes.js","statementMap":{"0":{"start":{"line":1,"column":16},"end":{"line":1,"column":34}},"1":{"start":{"line":3,"column":37},"end":{"line":3,"column":66}},"2":{"start":{"line":5,"column":13},"end":{"line":5,"column":46}},"3":{"start":{"line":7,"column":22},"end":{"line":7,"column":38}},"4":{"start":{"line":10,"column":0},"end":{"line":48,"column":2}},"5":{"start":{"line":12,"column":19},"end":{"line":12,"column":33}},"6":{"start":{"line":13,"column":18},"end":{"line":13,"column":35}},"7":{"start":{"line":16,"column":28},"end":{"line":16,"column":62}},"8":{"start":{"line":19,"column":30},"end":{"line":19,"column":60}},"9":{"start":{"line":21,"column":24},"end":{"line":21,"column":48}},"10":{"start":{"line":25,"column":29},"end":{"line":25,"column":58}},"11":{"start":{"line":28,"column":23},"end":{"line":43,"column":5}},"12":{"start":{"line":45,"column":4},"end":{"line":45,"column":24}},"13":{"start":{"line":51,"column":0},"end":{"line":51,"column":30}}},"fnMap":{"0":{"name":"(anonymous_0)","decl":{"start":{"line":10,"column":29},"end":{"line":10,"column":30}},"loc":{"start":{"line":10,"column":49},"end":{"line":48,"column":1}},"line":10}},"branchMap":{},"s":{"0":4,"1":4,"2":4,"3":4,"4":4,"5":2,"6":2,"7":2,"8":2,"9":2,"10":2,"11":2,"12":2,"13":4},"f":{"0":2},"b":{},"_coverageSchema":"1a1c01bbd47fc00a2c39e90264f33305004495a9","hash":"9f96e28490f15265f55dafa339df44ff75612d96"}
,"/home/doolanw/Coder Academy/Term_3/assessment/Wade Doolan_T3A2-B/customer-credit-app/customer-credit-app-api/src/controllers/users/userFunctions.js": {"path":"/home/doolanw/Coder Academy/Term_3/assessment/Wade Doolan_T3A2-B/customer-credit-app/customer-credit-app-api/src/controllers/users/userFunctions.js","statementMap":{"0":{"start":{"line":1,"column":17},"end":{"line":1,"column":36}},"1":{"start":{"line":2,"column":15},"end":{"line":2,"column":32}},"2":{"start":{"line":3,"column":12},"end":{"line":3,"column":35}},"3":{"start":{"line":5,"column":13},"end":{"line":5,"column":41}},"4":{"start":{"line":6,"column":17},"end":{"line":6,"column":49}},"5":{"start":{"line":11,"column":19},"end":{"line":11,"column":66}},"6":{"start":{"line":12,"column":4},"end":{"line":14,"column":5}},"7":{"start":{"line":13,"column":8},"end":{"line":13,"column":64}},"8":{"start":{"line":15,"column":27},"end":{"line":15,"column":63}},"9":{"start":{"line":17,"column":20},"end":{"line":29,"column":6}},"10":{"start":{"line":31,"column":20},"end":{"line":33,"column":5}},"11":{"start":{"line":35,"column":18},"end":{"line":35,"column":80}},"12":{"start":{"line":37,"column":4},"end":{"line":37,"column":16}},"13":{"start":{"line":43,"column":25},"end":{"line":43,"column":72}},"14":{"start":{"line":45,"column":4},"end":{"line":47,"column":5}},"15":{"start":{"line":46,"column":8},"end":{"line":46,"column":61}},"16":{"start":{"line":50,"column":21},"end":{"line":50,"column":79}},"17":{"start":{"line":52,"column":4},"end":{"line":54,"column":5}},"18":{"start":{"line":53,"column":8},"end":{"line":53,"column":61}},"19":{"start":{"line":58,"column":23},"end":{"line":58,"column":28}},"20":{"start":{"line":61,"column":4},"end":{"line":63,"column":5}},"21":{"start":{"line":62,"column":8},"end":{"line":62,"column":27}},"22":{"start":{"line":65,"column":20},"end":{"line":68,"column":5}},"23":{"start":{"line":70,"column":18},"end":{"line":70,"column":80}},"24":{"start":{"line":72,"column":4},"end":{"line":72,"column":16}},"25":{"start":{"line":79,"column":4},"end":{"line":86,"column":5}},"26":{"start":{"line":80,"column":21},"end":{"line":80,"column":48}},"27":{"start":{"line":81,"column":8},"end":{"line":81,"column":19}},"28":{"start":{"line":84,"column":8},"end":{"line":84,"column":42}},"29":{"start":{"line":92,"column":4},"end":{"line":97,"column":5}},"30":{"start":{"line":93,"column":22},"end":{"line":93,"column":39}},"31":{"start":{"line":94,"column":8},"end":{"line":94,"column":20}},"32":{"start":{"line":96,"column":8},"end":{"line":96,"column":81}},"33":{"start":{"line":104,"column":19},"end":{"line":104,"column":88}},"34":{"start":{"line":106,"column":4},"end":{"line":108,"column":5}},"35":{"start":{"line":107,"column":8},"end":{"line":107,"column":64}},"36":{"start":{"line":111,"column":23},"end":{"line":121,"column":35}},"37":{"start":{"line":123,"column":4},"end":{"line":123,"column":21}},"38":{"start":{"line":131,"column":4},"end":{"line":133,"column":5}},"39":{"start":{"line":132,"column":8},"end":{"line":132,"column":51}},"40":{"start":{"line":139,"column":29},"end":{"line":139,"column":72}},"41":{"start":{"line":145,"column":24},"end":{"line":145,"column":61}},"42":{"start":{"line":147,"column":4},"end":{"line":151,"column":5}},"43":{"start":{"line":156,"column":0},"end":{"line":163,"column":1}}},"fnMap":{"0":{"name":"signUpUser","decl":{"start":{"line":9,"column":15},"end":{"line":9,"column":25}},"loc":{"start":{"line":9,"column":32},"end":{"line":39,"column":1}},"line":9},"1":{"name":"signInUser","decl":{"start":{"line":41,"column":15},"end":{"line":41,"column":25}},"loc":{"start":{"line":41,"column":32},"end":{"line":74,"column":1}},"line":41},"2":{"name":"getUserDetails","decl":{"start":{"line":77,"column":15},"end":{"line":77,"column":29}},"loc":{"start":{"line":77,"column":38},"end":{"line":88,"column":1}},"line":77},"3":{"name":"getAllUsers","decl":{"start":{"line":90,"column":15},"end":{"line":90,"column":26}},"loc":{"start":{"line":90,"column":34},"end":{"line":99,"column":1}},"line":90},"4":{"name":"updateUserDetails","decl":{"start":{"line":101,"column":15},"end":{"line":101,"column":32}},"loc":{"start":{"line":101,"column":47},"end":{"line":124,"column":1}},"line":101},"5":{"name":"deleteUser","decl":{"start":{"line":128,"column":15},"end":{"line":128,"column":25}},"loc":{"start":{"line":128,"column":41},"end":{"line":153,"column":1}},"line":128}},"branchMap":{"0":{"loc":{"start":{"line":12,"column":4},"end":{"line":14,"column":5}},"type":"if","locations":[{"start":{"line":12,"column":4},"end":{"line":14,"column":5}},{"start":{},"end":{}}],"line":12},"1":{"loc":{"start":{"line":45,"column":4},"end":{"line":47,"column":5}},"type":"if","locations":[{"start":{"line":45,"column":4},"end":{"line":47,"column":5}},{"start":{},"end":{}}],"line":45},"2":{"loc":{"start":{"line":52,"column":4},"end":{"line":54,"column":5}},"type":"if","locations":[{"start":{"line":52,"column":4},"end":{"line":54,"column":5}},{"start":{},"end":{}}],"line":52},"3":{"loc":{"start":{"line":61,"column":4},"end":{"line":63,"column":5}},"type":"if","locations":[{"start":{"line":61,"column":4},"end":{"line":63,"column":5}},{"start":{},"end":{}}],"line":61},"4":{"loc":{"start":{"line":61,"column":8},"end":{"line":61,"column":78}},"type":"binary-expr","locations":[{"start":{"line":61,"column":8},"end":{"line":61,"column":28}},{"start":{"line":61,"column":32},"end":{"line":61,"column":78}}],"line":61},"5":{"loc":{"start":{"line":92,"column":4},"end":{"line":97,"column":5}},"type":"if","locations":[{"start":{"line":92,"column":4},"end":{"line":97,"column":5}},{"start":{"line":95,"column":11},"end":{"line":97,"column":5}}],"line":92},"6":{"loc":{"start":{"line":106,"column":4},"end":{"line":108,"column":5}},"type":"if","locations":[{"start":{"line":106,"column":4},"end":{"line":108,"column":5}},{"start":{},"end":{}}],"line":106},"7":{"loc":{"start":{"line":131,"column":4},"end":{"line":133,"column":5}},"type":"if","locations":[{"start":{"line":131,"column":4},"end":{"line":133,"column":5}},{"start":{},"end":{}}],"line":131}},"s":{"0":4,"1":4,"2":4,"3":4,"4":4,"5":2,"6":2,"7":1,"8":1,"9":1,"10":1,"11":1,"12":1,"13":4,"14":4,"15":1,"16":3,"17":3,"18":1,"19":2,"20":2,"21":1,"22":2,"23":2,"24":2,"25":3,"26":3,"27":3,"28":0,"29":1,"30":1,"31":1,"32":0,"33":3,"34":3,"35":1,"36":2,"37":2,"38":2,"39":1,"40":1,"41":1,"42":1,"43":4},"f":{"0":2,"1":4,"2":3,"3":1,"4":3,"5":2},"b":{"0":[1,1],"1":[1,3],"2":[1,2],"3":[1,1],"4":[2,1],"5":[1,0],"6":[1,2],"7":[1,1]},"_coverageSchema":"1a1c01bbd47fc00a2c39e90264f33305004495a9","hash":"000ca400106531ca0b05f2b558e9b36e4a72b2a3"}
,"/home/doolanw/Coder Academy/Term_3/assessment/Wade Doolan_T3A2-B/customer-credit-app/customer-credit-app-api/src/controllers/users/userRoutes.js": {"path":"/home/doolanw/Coder Academy/Term_3/assessment/Wade Doolan_T3A2-B/customer-credit-app/customer-credit-app-api/src/controllers/users/userRoutes.js","statementMap":{"0":{"start":{"line":1,"column":16},"end":{"line":1,"column":34}},"1":{"start":{"line":3,"column":95},"end":{"line":3,"column":121}},"2":{"start":{"line":5,"column":13},"end":{"line":5,"column":46}},"3":{"start":{"line":7,"column":19},"end":{"line":7,"column":35}},"4":{"start":{"line":11,"column":0},"end":{"line":27,"column":2}},"5":{"start":{"line":12,"column":18},"end":{"line":22,"column":6}},"6":{"start":{"line":23,"column":4},"end":{"line":25,"column":5}},"7":{"start":{"line":24,"column":8},"end":{"line":24,"column":58}},"8":{"start":{"line":26,"column":4},"end":{"line":26,"column":30}},"9":{"start":{"line":29,"column":0},"end":{"line":40,"column":2}},"10":{"start":{"line":30,"column":18},"end":{"line":33,"column":6}},"11":{"start":{"line":34,"column":4},"end":{"line":36,"column":5}},"12":{"start":{"line":35,"column":8},"end":{"line":35,"column":58}},"13":{"start":{"line":39,"column":4},"end":{"line":39,"column":30}},"14":{"start":{"line":45,"column":0},"end":{"line":59,"column":2}},"15":{"start":{"line":47,"column":19},"end":{"line":47,"column":33}},"16":{"start":{"line":49,"column":17},"end":{"line":49,"column":45}},"17":{"start":{"line":51,"column":4},"end":{"line":55,"column":5}},"18":{"start":{"line":52,"column":8},"end":{"line":54,"column":10}},"19":{"start":{"line":57,"column":4},"end":{"line":57,"column":18}},"20":{"start":{"line":63,"column":0},"end":{"line":70,"column":2}},"21":{"start":{"line":64,"column":18},"end":{"line":64,"column":35}},"22":{"start":{"line":66,"column":18},"end":{"line":66,"column":42}},"23":{"start":{"line":68,"column":4},"end":{"line":68,"column":19}},"24":{"start":{"line":74,"column":0},"end":{"line":91,"column":2}},"25":{"start":{"line":76,"column":19},"end":{"line":76,"column":33}},"26":{"start":{"line":78,"column":24},"end":{"line":88,"column":6}},"27":{"start":{"line":90,"column":4},"end":{"line":90,"column":25}},"28":{"start":{"line":95,"column":0},"end":{"line":106,"column":2}},"29":{"start":{"line":97,"column":19},"end":{"line":97,"column":33}},"30":{"start":{"line":98,"column":18},"end":{"line":98,"column":35}},"31":{"start":{"line":102,"column":24},"end":{"line":102,"column":55}},"32":{"start":{"line":104,"column":4},"end":{"line":104,"column":25}},"33":{"start":{"line":110,"column":0},"end":{"line":110,"column":27}}},"fnMap":{"0":{"name":"(anonymous_0)","decl":{"start":{"line":11,"column":29},"end":{"line":11,"column":30}},"loc":{"start":{"line":11,"column":49},"end":{"line":27,"column":1}},"line":11},"1":{"name":"(anonymous_1)","decl":{"start":{"line":29,"column":26},"end":{"line":29,"column":27}},"loc":{"start":{"line":29,"column":46},"end":{"line":40,"column":1}},"line":29},"2":{"name":"(anonymous_2)","decl":{"start":{"line":45,"column":33},"end":{"line":45,"column":34}},"loc":{"start":{"line":45,"column":53},"end":{"line":59,"column":1}},"line":45},"3":{"name":"(anonymous_3)","decl":{"start":{"line":63,"column":31},"end":{"line":63,"column":32}},"loc":{"start":{"line":63,"column":51},"end":{"line":70,"column":1}},"line":63},"4":{"name":"(anonymous_4)","decl":{"start":{"line":74,"column":33},"end":{"line":74,"column":34}},"loc":{"start":{"line":74,"column":53},"end":{"line":91,"column":1}},"line":74},"5":{"name":"(anonymous_5)","decl":{"start":{"line":95,"column":36},"end":{"line":95,"column":37}},"loc":{"start":{"line":95,"column":56},"end":{"line":106,"column":1}},"line":95}},"branchMap":{"0":{"loc":{"start":{"line":23,"column":4},"end":{"line":25,"column":5}},"type":"if","locations":[{"start":{"line":23,"column":4},"end":{"line":25,"column":5}},{"start":{},"end":{}}],"line":23},"1":{"loc":{"start":{"line":34,"column":4},"end":{"line":36,"column":5}},"type":"if","locations":[{"start":{"line":34,"column":4},"end":{"line":36,"column":5}},{"start":{},"end":{}}],"line":34},"2":{"loc":{"start":{"line":51,"column":4},"end":{"line":55,"column":5}},"type":"if","locations":[{"start":{"line":51,"column":4},"end":{"line":55,"column":5}},{"start":{},"end":{}}],"line":51}},"s":{"0":4,"1":4,"2":4,"3":4,"4":4,"5":2,"6":2,"7":1,"8":1,"9":4,"10":4,"11":4,"12":2,"13":2,"14":4,"15":3,"16":3,"17":3,"18":0,"19":3,"20":4,"21":1,"22":1,"23":1,"24":4,"25":3,"26":3,"27":3,"28":4,"29":2,"30":2,"31":2,"32":2,"33":4},"f":{"0":2,"1":4,"2":3,"3":1,"4":3,"5":2},"b":{"0":[1,1],"1":[2,2],"2":[0,3]},"_coverageSchema":"1a1c01bbd47fc00a2c39e90264f33305004495a9","hash":"97df8f832ddafd23ff5008416d4146cadb81da86"}
,"/home/doolanw/Coder Academy/Term_3/assessment/Wade Doolan_T3A2-B/customer-credit-app/customer-credit-app-api/src/middlewares/auth.js": {"path":"/home/doolanw/Coder Academy/Term_3/assessment/Wade Doolan_T3A2-B/customer-credit-app/customer-credit-app-api/src/middlewares/auth.js","statementMap":{"0":{"start":{"line":1,"column":12},"end":{"line":1,"column":35}},"1":{"start":{"line":5,"column":16},"end":{"line":5,"column":44}},"2":{"start":{"line":6,"column":4},"end":{"line":6,"column":34}},"3":{"start":{"line":9,"column":4},"end":{"line":11,"column":5}},"4":{"start":{"line":10,"column":8},"end":{"line":10,"column":67}},"5":{"start":{"line":13,"column":4},"end":{"line":22,"column":5}},"6":{"start":{"line":15,"column":24},"end":{"line":15,"column":65}},"7":{"start":{"line":17,"column":8},"end":{"line":17,"column":33}},"8":{"start":{"line":18,"column":8},"end":{"line":18,"column":14}},"9":{"start":{"line":20,"column":8},"end":{"line":20,"column":24}},"10":{"start":{"line":21,"column":8},"end":{"line":21,"column":67}},"11":{"start":{"line":25,"column":0},"end":{"line":25,"column":21}}},"fnMap":{"0":{"name":"auth","decl":{"start":{"line":3,"column":9},"end":{"line":3,"column":13}},"loc":{"start":{"line":3,"column":39},"end":{"line":23,"column":1}},"line":3}},"branchMap":{"0":{"loc":{"start":{"line":9,"column":4},"end":{"line":11,"column":5}},"type":"if","locations":[{"start":{"line":9,"column":4},"end":{"line":11,"column":5}},{"start":{},"end":{}}],"line":9}},"s":{"0":4,"1":24,"2":24,"3":24,"4":2,"5":22,"6":22,"7":22,"8":22,"9":0,"10":0,"11":4},"f":{"0":24},"b":{"0":[2,22]},"_coverageSchema":"1a1c01bbd47fc00a2c39e90264f33305004495a9","hash":"2d1424f2536b1b1cde94bcd1edc0dc2284ddc991"}
,"/home/doolanw/Coder Academy/Term_3/assessment/Wade Doolan_T3A2-B/customer-credit-app/customer-credit-app-api/src/models/customer.js": {"path":"/home/doolanw/Coder Academy/Term_3/assessment/Wade Doolan_T3A2-B/customer-credit-app/customer-credit-app-api/src/models/customer.js","statementMap":{"0":{"start":{"line":1,"column":17},"end":{"line":1,"column":36}},"1":{"start":{"line":3,"column":23},"end":{"line":38,"column":2}},"2":{"start":{"line":40,"column":17},"end":{"line":40,"column":59}},"3":{"start":{"line":42,"column":0},"end":{"line":42,"column":25}}},"fnMap":{},"branchMap":{},"s":{"0":4,"1":4,"2":4,"3":4},"f":{},"b":{},"_coverageSchema":"1a1c01bbd47fc00a2c39e90264f33305004495a9","hash":"ea53f6eb7848ff7ae5e738777dc8c2ced71842f9"}
,"/home/doolanw/Coder Academy/Term_3/assessment/Wade Doolan_T3A2-B/customer-credit-app/customer-credit-app-api/src/models/user.js": {"path":"/home/doolanw/Coder Academy/Term_3/assessment/Wade Doolan_T3A2-B/customer-credit-app/customer-credit-app-api/src/models/user.js","statementMap":{"0":{"start":{"line":1,"column":17},"end":{"line":1,"column":36}},"1":{"start":{"line":3,"column":19},"end":{"line":53,"column":2}},"2":{"start":{"line":55,"column":13},"end":{"line":55,"column":47}},"3":{"start":{"line":57,"column":0},"end":{"line":57,"column":21}}},"fnMap":{},"branchMap":{},"s":{"0":4,"1":4,"2":4,"3":4},"f":{},"b":{},"_coverageSchema":"1a1c01bbd47fc00a2c39e90264f33305004495a9","hash":"29f178ed5340c2a870d5b5374b0a8ece7f1d78fe"}
}
