{"/home/doolanw/Coder Academy/Term_3/assessment/Wade Doolan_T3A2-B/customer-credit-app/customer-credit-app-api/src/server.js": {"path":"/home/doolanw/Coder Academy/Term_3/assessment/Wade Doolan_T3A2-B/customer-credit-app/customer-credit-app-api/src/server.js","statementMap":{"0":{"start":{"line":1,"column":16},"end":{"line":1,"column":34}},"1":{"start":{"line":2,"column":13},"end":{"line":2,"column":28}},"2":{"start":{"line":3,"column":15},"end":{"line":3,"column":32}},"3":{"start":{"line":4,"column":15},"end":{"line":4,"column":41}},"4":{"start":{"line":6,"column":19},"end":{"line":6,"column":60}},"5":{"start":{"line":7,"column":23},"end":{"line":7,"column":72}},"6":{"start":{"line":8,"column":22},"end":{"line":8,"column":68}},"7":{"start":{"line":11,"column":12},"end":{"line":11,"column":21}},"8":{"start":{"line":13,"column":0},"end":{"line":13,"column":18}},"9":{"start":{"line":15,"column":0},"end":{"line":15,"column":24}},"10":{"start":{"line":17,"column":19},"end":{"line":20,"column":1}},"11":{"start":{"line":22,"column":0},"end":{"line":22,"column":26}},"12":{"start":{"line":24,"column":13},"end":{"line":24,"column":37}},"13":{"start":{"line":26,"column":0},"end":{"line":30,"column":2}},"14":{"start":{"line":27,"column":4},"end":{"line":29,"column":6}},"15":{"start":{"line":32,"column":0},"end":{"line":32,"column":37}},"16":{"start":{"line":33,"column":0},"end":{"line":33,"column":34}},"17":{"start":{"line":34,"column":0},"end":{"line":34,"column":28}},"18":{"start":{"line":36,"column":0},"end":{"line":39,"column":1}}},"fnMap":{"0":{"name":"(anonymous_0)","decl":{"start":{"line":26,"column":13},"end":{"line":26,"column":14}},"loc":{"start":{"line":26,"column":27},"end":{"line":30,"column":1}},"line":26}},"branchMap":{"0":{"loc":{"start":{"line":24,"column":13},"end":{"line":24,"column":37}},"type":"binary-expr","locations":[{"start":{"line":24,"column":13},"end":{"line":24,"column":29}},{"start":{"line":24,"column":33},"end":{"line":24,"column":37}}],"line":24}},"s":{"0":1,"1":1,"2":1,"3":1,"4":1,"5":1,"6":1,"7":1,"8":1,"9":1,"10":1,"11":1,"12":1,"13":1,"14":1,"15":1,"16":1,"17":1,"18":1},"f":{"0":1},"b":{"0":[1,0]},"_coverageSchema":"1a1c01bbd47fc00a2c39e90264f33305004495a9","hash":"4205fab711c77d014ee9dd87a8e5c8e636b81c23"}
,"/home/doolanw/Coder Academy/Term_3/assessment/Wade Doolan_T3A2-B/customer-credit-app/customer-credit-app-api/src/controllers/customers/customerFunctions.js": {"path":"/home/doolanw/Coder Academy/Term_3/assessment/Wade Doolan_T3A2-B/customer-credit-app/customer-credit-app-api/src/controllers/customers/customerFunctions.js","statementMap":{"0":{"start":{"line":3,"column":17},"end":{"line":3,"column":49}},"1":{"start":{"line":10,"column":22},"end":{"line":10,"column":91}},"2":{"start":{"line":12,"column":4},"end":{"line":12,"column":20}},"3":{"start":{"line":18,"column":4},"end":{"line":24,"column":5}},"4":{"start":{"line":19,"column":25},"end":{"line":19,"column":60}},"5":{"start":{"line":20,"column":8},"end":{"line":20,"column":23}},"6":{"start":{"line":22,"column":8},"end":{"line":22,"column":27}},"7":{"start":{"line":32,"column":24},"end":{"line":32,"column":55}},"8":{"start":{"line":33,"column":4},"end":{"line":33,"column":22}},"9":{"start":{"line":39,"column":27},"end":{"line":39,"column":110}},"10":{"start":{"line":41,"column":4},"end":{"line":41,"column":25}},"11":{"start":{"line":48,"column":28},"end":{"line":48,"column":72}},"12":{"start":{"line":50,"column":4},"end":{"line":50,"column":27}},"13":{"start":{"line":56,"column":0},"end":{"line":62,"column":1}}},"fnMap":{"0":{"name":"getCustomers","decl":{"start":{"line":7,"column":15},"end":{"line":7,"column":27}},"loc":{"start":{"line":7,"column":43},"end":{"line":13,"column":1}},"line":7},"1":{"name":"getCustomerById","decl":{"start":{"line":16,"column":15},"end":{"line":16,"column":30}},"loc":{"start":{"line":16,"column":43},"end":{"line":26,"column":1}},"line":16},"2":{"name":"addCustomer","decl":{"start":{"line":30,"column":15},"end":{"line":30,"column":26}},"loc":{"start":{"line":30,"column":37},"end":{"line":34,"column":1}},"line":30},"3":{"name":"updateCustomer","decl":{"start":{"line":38,"column":15},"end":{"line":38,"column":29}},"loc":{"start":{"line":38,"column":52},"end":{"line":42,"column":1}},"line":38},"4":{"name":"deleteCustomer","decl":{"start":{"line":46,"column":15},"end":{"line":46,"column":29}},"loc":{"start":{"line":46,"column":42},"end":{"line":52,"column":1}},"line":46}},"branchMap":{"0":{"loc":{"start":{"line":10,"column":22},"end":{"line":10,"column":91}},"type":"cond-expr","locations":[{"start":{"line":10,"column":30},"end":{"line":10,"column":51}},{"start":{"line":10,"column":54},"end":{"line":10,"column":91}}],"line":10}},"s":{"0":1,"1":1,"2":1,"3":1,"4":1,"5":1,"6":0,"7":1,"8":1,"9":1,"10":1,"11":1,"12":1,"13":1},"f":{"0":1,"1":1,"2":1,"3":1,"4":1},"b":{"0":[1,0]},"_coverageSchema":"1a1c01bbd47fc00a2c39e90264f33305004495a9","hash":"227c92b1fd68c621c31de52065e8b2c0109d544a"}
,"/home/doolanw/Coder Academy/Term_3/assessment/Wade Doolan_T3A2-B/customer-credit-app/customer-credit-app-api/src/controllers/customers/customerRoutes.js": {"path":"/home/doolanw/Coder Academy/Term_3/assessment/Wade Doolan_T3A2-B/customer-credit-app/customer-credit-app-api/src/controllers/customers/customerRoutes.js","statementMap":{"0":{"start":{"line":1,"column":0},"end":{"line":1,"column":29}},"1":{"start":{"line":3,"column":87},"end":{"line":3,"column":117}},"2":{"start":{"line":5,"column":13},"end":{"line":5,"column":46}},"3":{"start":{"line":7,"column":23},"end":{"line":7,"column":39}},"4":{"start":{"line":11,"column":0},"end":{"line":20,"column":2}},"5":{"start":{"line":13,"column":19},"end":{"line":13,"column":33}},"6":{"start":{"line":14,"column":18},"end":{"line":14,"column":35}},"7":{"start":{"line":17,"column":22},"end":{"line":17,"column":55}},"8":{"start":{"line":19,"column":4},"end":{"line":19,"column":23}},"9":{"start":{"line":22,"column":0},"end":{"line":33,"column":2}},"10":{"start":{"line":23,"column":21},"end":{"line":23,"column":65}},"11":{"start":{"line":25,"column":4},"end":{"line":29,"column":5}},"12":{"start":{"line":26,"column":8},"end":{"line":28,"column":10}},"13":{"start":{"line":31,"column":4},"end":{"line":31,"column":22}},"14":{"start":{"line":35,"column":0},"end":{"line":50,"column":2}},"15":{"start":{"line":37,"column":19},"end":{"line":37,"column":33}},"16":{"start":{"line":39,"column":21},"end":{"line":46,"column":6}},"17":{"start":{"line":48,"column":4},"end":{"line":48,"column":22}},"18":{"start":{"line":52,"column":0},"end":{"line":63,"column":2}},"19":{"start":{"line":53,"column":28},"end":{"line":60,"column":6}},"20":{"start":{"line":62,"column":4},"end":{"line":62,"column":29}},"21":{"start":{"line":65,"column":0},"end":{"line":71,"column":2}},"22":{"start":{"line":66,"column":21},"end":{"line":66,"column":64}},"23":{"start":{"line":67,"column":4},"end":{"line":67,"column":22}},"24":{"start":{"line":75,"column":0},"end":{"line":75,"column":31}}},"fnMap":{"0":{"name":"(anonymous_0)","decl":{"start":{"line":11,"column":30},"end":{"line":11,"column":31}},"loc":{"start":{"line":11,"column":50},"end":{"line":20,"column":1}},"line":11},"1":{"name":"(anonymous_1)","decl":{"start":{"line":22,"column":41},"end":{"line":22,"column":42}},"loc":{"start":{"line":22,"column":61},"end":{"line":33,"column":1}},"line":22},"2":{"name":"(anonymous_2)","decl":{"start":{"line":35,"column":31},"end":{"line":35,"column":32}},"loc":{"start":{"line":35,"column":51},"end":{"line":50,"column":1}},"line":35},"3":{"name":"(anonymous_3)","decl":{"start":{"line":52,"column":41},"end":{"line":52,"column":42}},"loc":{"start":{"line":52,"column":61},"end":{"line":63,"column":1}},"line":52},"4":{"name":"(anonymous_4)","decl":{"start":{"line":65,"column":44},"end":{"line":65,"column":45}},"loc":{"start":{"line":65,"column":64},"end":{"line":71,"column":1}},"line":65}},"branchMap":{"0":{"loc":{"start":{"line":25,"column":4},"end":{"line":29,"column":5}},"type":"if","locations":[{"start":{"line":25,"column":4},"end":{"line":29,"column":5}},{"start":{},"end":{}}],"line":25}},"s":{"0":1,"1":1,"2":1,"3":1,"4":1,"5":1,"6":1,"7":1,"8":1,"9":1,"10":1,"11":1,"12":0,"13":1,"14":1,"15":1,"16":1,"17":1,"18":1,"19":1,"20":1,"21":1,"22":1,"23":1,"24":1},"f":{"0":1,"1":1,"2":1,"3":1,"4":1},"b":{"0":[0,1]},"_coverageSchema":"1a1c01bbd47fc00a2c39e90264f33305004495a9","hash":"e8a1105e7c868e6751aa19df0212af5e50094b97"}
,"/home/doolanw/Coder Academy/Term_3/assessment/Wade Doolan_T3A2-B/customer-credit-app/customer-credit-app-api/src/controllers/metrics/metricsFunctions.js": {"path":"/home/doolanw/Coder Academy/Term_3/assessment/Wade Doolan_T3A2-B/customer-credit-app/customer-credit-app-api/src/controllers/metrics/metricsFunctions.js","statementMap":{"0":{"start":{"line":1,"column":17},"end":{"line":1,"column":36}},"1":{"start":{"line":3,"column":17},"end":{"line":3,"column":49}},"2":{"start":{"line":4,"column":13},"end":{"line":4,"column":41}},"3":{"start":{"line":10,"column":4},"end":{"line":21,"column":5}},"4":{"start":{"line":11,"column":36},"end":{"line":13,"column":9}},"5":{"start":{"line":14,"column":8},"end":{"line":14,"column":41}},"6":{"start":{"line":17,"column":36},"end":{"line":19,"column":9}},"7":{"start":{"line":20,"column":8},"end":{"line":20,"column":41}},"8":{"start":{"line":32,"column":17},"end":{"line":32,"column":44}},"9":{"start":{"line":34,"column":22},"end":{"line":34,"column":23}},"10":{"start":{"line":36,"column":4},"end":{"line":38,"column":5}},"11":{"start":{"line":37,"column":8},"end":{"line":37,"column":39}},"12":{"start":{"line":42,"column":17},"end":{"line":42,"column":18}},"13":{"start":{"line":43,"column":4},"end":{"line":68,"column":5}},"14":{"start":{"line":45,"column":8},"end":{"line":53,"column":54}},"15":{"start":{"line":53,"column":29},"end":{"line":53,"column":51}},"16":{"start":{"line":57,"column":8},"end":{"line":66,"column":54}},"17":{"start":{"line":66,"column":29},"end":{"line":66,"column":51}},"18":{"start":{"line":70,"column":24},"end":{"line":70,"column":43}},"19":{"start":{"line":74,"column":29},"end":{"line":74,"column":54}},"20":{"start":{"line":76,"column":4},"end":{"line":79,"column":5}},"21":{"start":{"line":85,"column":0},"end":{"line":89,"column":1}}},"fnMap":{"0":{"name":"customerCount","decl":{"start":{"line":8,"column":15},"end":{"line":8,"column":28}},"loc":{"start":{"line":8,"column":44},"end":{"line":25,"column":1}},"line":8},"1":{"name":"sumCredit","decl":{"start":{"line":28,"column":15},"end":{"line":28,"column":24}},"loc":{"start":{"line":28,"column":40},"end":{"line":81,"column":1}},"line":28},"2":{"name":"(anonymous_2)","decl":{"start":{"line":53,"column":16},"end":{"line":53,"column":17}},"loc":{"start":{"line":53,"column":27},"end":{"line":53,"column":53}},"line":53},"3":{"name":"(anonymous_3)","decl":{"start":{"line":66,"column":16},"end":{"line":66,"column":17}},"loc":{"start":{"line":66,"column":27},"end":{"line":66,"column":53}},"line":66}},"branchMap":{"0":{"loc":{"start":{"line":10,"column":4},"end":{"line":21,"column":5}},"type":"if","locations":[{"start":{"line":10,"column":4},"end":{"line":21,"column":5}},{"start":{"line":16,"column":11},"end":{"line":21,"column":5}}],"line":10},"1":{"loc":{"start":{"line":36,"column":4},"end":{"line":38,"column":5}},"type":"if","locations":[{"start":{"line":36,"column":4},"end":{"line":38,"column":5}},{"start":{},"end":{}}],"line":36},"2":{"loc":{"start":{"line":43,"column":4},"end":{"line":68,"column":5}},"type":"if","locations":[{"start":{"line":43,"column":4},"end":{"line":68,"column":5}},{"start":{"line":55,"column":11},"end":{"line":68,"column":5}}],"line":43},"3":{"loc":{"start":{"line":70,"column":24},"end":{"line":70,"column":43}},"type":"cond-expr","locations":[{"start":{"line":70,"column":33},"end":{"line":70,"column":39}},{"start":{"line":70,"column":42},"end":{"line":70,"column":43}}],"line":70}},"s":{"0":1,"1":1,"2":1,"3":1,"4":1,"5":1,"6":0,"7":0,"8":1,"9":1,"10":1,"11":0,"12":1,"13":1,"14":1,"15":1,"16":0,"17":0,"18":1,"19":1,"20":1,"21":1},"f":{"0":1,"1":1,"2":1,"3":0},"b":{"0":[1,0],"1":[0,1],"2":[1,0],"3":[1,0]},"_coverageSchema":"1a1c01bbd47fc00a2c39e90264f33305004495a9","hash":"3a411fe2640a60c4a08145e8329722a1f4aca533"}
,"/home/doolanw/Coder Academy/Term_3/assessment/Wade Doolan_T3A2-B/customer-credit-app/customer-credit-app-api/src/controllers/metrics/metricsRoutes.js": {"path":"/home/doolanw/Coder Academy/Term_3/assessment/Wade Doolan_T3A2-B/customer-credit-app/customer-credit-app-api/src/controllers/metrics/metricsRoutes.js","statementMap":{"0":{"start":{"line":1,"column":16},"end":{"line":1,"column":34}},"1":{"start":{"line":3,"column":37},"end":{"line":3,"column":66}},"2":{"start":{"line":5,"column":13},"end":{"line":5,"column":46}},"3":{"start":{"line":7,"column":22},"end":{"line":7,"column":38}},"4":{"start":{"line":10,"column":0},"end":{"line":48,"column":2}},"5":{"start":{"line":12,"column":19},"end":{"line":12,"column":33}},"6":{"start":{"line":13,"column":18},"end":{"line":13,"column":35}},"7":{"start":{"line":16,"column":28},"end":{"line":16,"column":62}},"8":{"start":{"line":19,"column":30},"end":{"line":19,"column":60}},"9":{"start":{"line":21,"column":24},"end":{"line":21,"column":48}},"10":{"start":{"line":25,"column":29},"end":{"line":25,"column":58}},"11":{"start":{"line":28,"column":23},"end":{"line":43,"column":5}},"12":{"start":{"line":45,"column":4},"end":{"line":45,"column":24}},"13":{"start":{"line":51,"column":0},"end":{"line":51,"column":30}}},"fnMap":{"0":{"name":"(anonymous_0)","decl":{"start":{"line":10,"column":29},"end":{"line":10,"column":30}},"loc":{"start":{"line":10,"column":49},"end":{"line":48,"column":1}},"line":10}},"branchMap":{},"s":{"0":1,"1":1,"2":1,"3":1,"4":1,"5":1,"6":1,"7":1,"8":1,"9":1,"10":1,"11":1,"12":1,"13":1},"f":{"0":1},"b":{},"_coverageSchema":"1a1c01bbd47fc00a2c39e90264f33305004495a9","hash":"9f96e28490f15265f55dafa339df44ff75612d96"}
,"/home/doolanw/Coder Academy/Term_3/assessment/Wade Doolan_T3A2-B/customer-credit-app/customer-credit-app-api/src/controllers/users/userFunctions.js": {"path":"/home/doolanw/Coder Academy/Term_3/assessment/Wade Doolan_T3A2-B/customer-credit-app/customer-credit-app-api/src/controllers/users/userFunctions.js","statementMap":{"0":{"start":{"line":1,"column":17},"end":{"line":1,"column":36}},"1":{"start":{"line":2,"column":15},"end":{"line":2,"column":32}},"2":{"start":{"line":3,"column":12},"end":{"line":3,"column":35}},"3":{"start":{"line":5,"column":13},"end":{"line":5,"column":41}},"4":{"start":{"line":6,"column":17},"end":{"line":6,"column":49}},"5":{"start":{"line":11,"column":19},"end":{"line":11,"column":66}},"6":{"start":{"line":12,"column":4},"end":{"line":14,"column":5}},"7":{"start":{"line":13,"column":8},"end":{"line":13,"column":64}},"8":{"start":{"line":15,"column":27},"end":{"line":15,"column":63}},"9":{"start":{"line":17,"column":20},"end":{"line":29,"column":6}},"10":{"start":{"line":31,"column":20},"end":{"line":33,"column":5}},"11":{"start":{"line":35,"column":18},"end":{"line":35,"column":80}},"12":{"start":{"line":37,"column":4},"end":{"line":37,"column":16}},"13":{"start":{"line":43,"column":25},"end":{"line":43,"column":72}},"14":{"start":{"line":45,"column":4},"end":{"line":47,"column":5}},"15":{"start":{"line":46,"column":8},"end":{"line":46,"column":61}},"16":{"start":{"line":50,"column":21},"end":{"line":50,"column":79}},"17":{"start":{"line":52,"column":4},"end":{"line":54,"column":5}},"18":{"start":{"line":53,"column":8},"end":{"line":53,"column":61}},"19":{"start":{"line":58,"column":23},"end":{"line":58,"column":28}},"20":{"start":{"line":61,"column":4},"end":{"line":63,"column":5}},"21":{"start":{"line":62,"column":8},"end":{"line":62,"column":27}},"22":{"start":{"line":65,"column":20},"end":{"line":68,"column":5}},"23":{"start":{"line":70,"column":18},"end":{"line":70,"column":80}},"24":{"start":{"line":72,"column":4},"end":{"line":72,"column":16}},"25":{"start":{"line":79,"column":4},"end":{"line":86,"column":5}},"26":{"start":{"line":80,"column":21},"end":{"line":80,"column":48}},"27":{"start":{"line":81,"column":8},"end":{"line":81,"column":19}},"28":{"start":{"line":84,"column":8},"end":{"line":84,"column":42}},"29":{"start":{"line":91,"column":4},"end":{"line":96,"column":5}},"30":{"start":{"line":92,"column":22},"end":{"line":92,"column":39}},"31":{"start":{"line":93,"column":8},"end":{"line":93,"column":20}},"32":{"start":{"line":95,"column":8},"end":{"line":95,"column":81}},"33":{"start":{"line":103,"column":19},"end":{"line":103,"column":88}},"34":{"start":{"line":104,"column":4},"end":{"line":106,"column":5}},"35":{"start":{"line":105,"column":8},"end":{"line":105,"column":64}},"36":{"start":{"line":109,"column":23},"end":{"line":119,"column":35}},"37":{"start":{"line":121,"column":4},"end":{"line":121,"column":21}},"38":{"start":{"line":129,"column":4},"end":{"line":131,"column":5}},"39":{"start":{"line":130,"column":8},"end":{"line":130,"column":51}},"40":{"start":{"line":137,"column":29},"end":{"line":137,"column":72}},"41":{"start":{"line":143,"column":24},"end":{"line":143,"column":61}},"42":{"start":{"line":145,"column":4},"end":{"line":149,"column":5}},"43":{"start":{"line":154,"column":0},"end":{"line":161,"column":1}}},"fnMap":{"0":{"name":"signUpUser","decl":{"start":{"line":9,"column":15},"end":{"line":9,"column":25}},"loc":{"start":{"line":9,"column":32},"end":{"line":39,"column":1}},"line":9},"1":{"name":"signInUser","decl":{"start":{"line":41,"column":15},"end":{"line":41,"column":25}},"loc":{"start":{"line":41,"column":32},"end":{"line":74,"column":1}},"line":41},"2":{"name":"getUserDetails","decl":{"start":{"line":77,"column":15},"end":{"line":77,"column":29}},"loc":{"start":{"line":77,"column":38},"end":{"line":88,"column":1}},"line":77},"3":{"name":"getAllUsers","decl":{"start":{"line":89,"column":15},"end":{"line":89,"column":26}},"loc":{"start":{"line":89,"column":34},"end":{"line":98,"column":1}},"line":89},"4":{"name":"updateUserDetails","decl":{"start":{"line":100,"column":15},"end":{"line":100,"column":32}},"loc":{"start":{"line":100,"column":47},"end":{"line":122,"column":1}},"line":100},"5":{"name":"deleteUser","decl":{"start":{"line":126,"column":15},"end":{"line":126,"column":25}},"loc":{"start":{"line":126,"column":41},"end":{"line":151,"column":1}},"line":126}},"branchMap":{"0":{"loc":{"start":{"line":12,"column":4},"end":{"line":14,"column":5}},"type":"if","locations":[{"start":{"line":12,"column":4},"end":{"line":14,"column":5}},{"start":{},"end":{}}],"line":12},"1":{"loc":{"start":{"line":45,"column":4},"end":{"line":47,"column":5}},"type":"if","locations":[{"start":{"line":45,"column":4},"end":{"line":47,"column":5}},{"start":{},"end":{}}],"line":45},"2":{"loc":{"start":{"line":52,"column":4},"end":{"line":54,"column":5}},"type":"if","locations":[{"start":{"line":52,"column":4},"end":{"line":54,"column":5}},{"start":{},"end":{}}],"line":52},"3":{"loc":{"start":{"line":61,"column":4},"end":{"line":63,"column":5}},"type":"if","locations":[{"start":{"line":61,"column":4},"end":{"line":63,"column":5}},{"start":{},"end":{}}],"line":61},"4":{"loc":{"start":{"line":61,"column":8},"end":{"line":61,"column":78}},"type":"binary-expr","locations":[{"start":{"line":61,"column":8},"end":{"line":61,"column":28}},{"start":{"line":61,"column":32},"end":{"line":61,"column":78}}],"line":61},"5":{"loc":{"start":{"line":91,"column":4},"end":{"line":96,"column":5}},"type":"if","locations":[{"start":{"line":91,"column":4},"end":{"line":96,"column":5}},{"start":{"line":94,"column":11},"end":{"line":96,"column":5}}],"line":91},"6":{"loc":{"start":{"line":104,"column":4},"end":{"line":106,"column":5}},"type":"if","locations":[{"start":{"line":104,"column":4},"end":{"line":106,"column":5}},{"start":{},"end":{}}],"line":104},"7":{"loc":{"start":{"line":129,"column":4},"end":{"line":131,"column":5}},"type":"if","locations":[{"start":{"line":129,"column":4},"end":{"line":131,"column":5}},{"start":{},"end":{}}],"line":129}},"s":{"0":1,"1":1,"2":1,"3":1,"4":1,"5":0,"6":0,"7":0,"8":0,"9":0,"10":0,"11":0,"12":0,"13":1,"14":1,"15":0,"16":1,"17":1,"18":0,"19":1,"20":1,"21":1,"22":1,"23":1,"24":1,"25":1,"26":1,"27":1,"28":0,"29":0,"30":0,"31":0,"32":0,"33":2,"34":2,"35":1,"36":1,"37":1,"38":1,"39":1,"40":0,"41":0,"42":0,"43":1},"f":{"0":0,"1":1,"2":1,"3":0,"4":2,"5":1},"b":{"0":[0,0],"1":[0,1],"2":[0,1],"3":[1,0],"4":[1,1],"5":[0,0],"6":[1,1],"7":[1,0]},"_coverageSchema":"1a1c01bbd47fc00a2c39e90264f33305004495a9","hash":"8147c55de199a7e132153c579b34c92aa683b7db"}
,"/home/doolanw/Coder Academy/Term_3/assessment/Wade Doolan_T3A2-B/customer-credit-app/customer-credit-app-api/src/controllers/users/userRoutes.js": {"path":"/home/doolanw/Coder Academy/Term_3/assessment/Wade Doolan_T3A2-B/customer-credit-app/customer-credit-app-api/src/controllers/users/userRoutes.js","statementMap":{"0":{"start":{"line":1,"column":16},"end":{"line":1,"column":34}},"1":{"start":{"line":3,"column":95},"end":{"line":3,"column":121}},"2":{"start":{"line":5,"column":13},"end":{"line":5,"column":46}},"3":{"start":{"line":7,"column":19},"end":{"line":7,"column":35}},"4":{"start":{"line":11,"column":0},"end":{"line":27,"column":2}},"5":{"start":{"line":12,"column":18},"end":{"line":22,"column":6}},"6":{"start":{"line":23,"column":4},"end":{"line":25,"column":5}},"7":{"start":{"line":24,"column":8},"end":{"line":24,"column":58}},"8":{"start":{"line":26,"column":4},"end":{"line":26,"column":30}},"9":{"start":{"line":29,"column":0},"end":{"line":38,"column":2}},"10":{"start":{"line":30,"column":18},"end":{"line":33,"column":6}},"11":{"start":{"line":34,"column":4},"end":{"line":36,"column":5}},"12":{"start":{"line":35,"column":8},"end":{"line":35,"column":58}},"13":{"start":{"line":37,"column":4},"end":{"line":37,"column":30}},"14":{"start":{"line":43,"column":0},"end":{"line":57,"column":2}},"15":{"start":{"line":45,"column":19},"end":{"line":45,"column":33}},"16":{"start":{"line":47,"column":17},"end":{"line":47,"column":45}},"17":{"start":{"line":49,"column":4},"end":{"line":53,"column":5}},"18":{"start":{"line":50,"column":8},"end":{"line":52,"column":10}},"19":{"start":{"line":55,"column":4},"end":{"line":55,"column":18}},"20":{"start":{"line":61,"column":0},"end":{"line":68,"column":2}},"21":{"start":{"line":62,"column":18},"end":{"line":62,"column":35}},"22":{"start":{"line":64,"column":18},"end":{"line":64,"column":42}},"23":{"start":{"line":66,"column":4},"end":{"line":66,"column":19}},"24":{"start":{"line":72,"column":0},"end":{"line":89,"column":2}},"25":{"start":{"line":74,"column":19},"end":{"line":74,"column":33}},"26":{"start":{"line":76,"column":24},"end":{"line":86,"column":6}},"27":{"start":{"line":88,"column":4},"end":{"line":88,"column":25}},"28":{"start":{"line":93,"column":0},"end":{"line":102,"column":2}},"29":{"start":{"line":95,"column":19},"end":{"line":95,"column":33}},"30":{"start":{"line":96,"column":18},"end":{"line":96,"column":35}},"31":{"start":{"line":98,"column":24},"end":{"line":98,"column":55}},"32":{"start":{"line":100,"column":4},"end":{"line":100,"column":25}},"33":{"start":{"line":106,"column":0},"end":{"line":106,"column":27}}},"fnMap":{"0":{"name":"(anonymous_0)","decl":{"start":{"line":11,"column":29},"end":{"line":11,"column":30}},"loc":{"start":{"line":11,"column":49},"end":{"line":27,"column":1}},"line":11},"1":{"name":"(anonymous_1)","decl":{"start":{"line":29,"column":26},"end":{"line":29,"column":27}},"loc":{"start":{"line":29,"column":46},"end":{"line":38,"column":1}},"line":29},"2":{"name":"(anonymous_2)","decl":{"start":{"line":43,"column":33},"end":{"line":43,"column":34}},"loc":{"start":{"line":43,"column":53},"end":{"line":57,"column":1}},"line":43},"3":{"name":"(anonymous_3)","decl":{"start":{"line":61,"column":31},"end":{"line":61,"column":32}},"loc":{"start":{"line":61,"column":51},"end":{"line":68,"column":1}},"line":61},"4":{"name":"(anonymous_4)","decl":{"start":{"line":72,"column":33},"end":{"line":72,"column":34}},"loc":{"start":{"line":72,"column":53},"end":{"line":89,"column":1}},"line":72},"5":{"name":"(anonymous_5)","decl":{"start":{"line":93,"column":36},"end":{"line":93,"column":37}},"loc":{"start":{"line":93,"column":56},"end":{"line":102,"column":1}},"line":93}},"branchMap":{"0":{"loc":{"start":{"line":23,"column":4},"end":{"line":25,"column":5}},"type":"if","locations":[{"start":{"line":23,"column":4},"end":{"line":25,"column":5}},{"start":{},"end":{}}],"line":23},"1":{"loc":{"start":{"line":34,"column":4},"end":{"line":36,"column":5}},"type":"if","locations":[{"start":{"line":34,"column":4},"end":{"line":36,"column":5}},{"start":{},"end":{}}],"line":34},"2":{"loc":{"start":{"line":49,"column":4},"end":{"line":53,"column":5}},"type":"if","locations":[{"start":{"line":49,"column":4},"end":{"line":53,"column":5}},{"start":{},"end":{}}],"line":49}},"s":{"0":1,"1":1,"2":1,"3":1,"4":1,"5":0,"6":0,"7":0,"8":0,"9":1,"10":1,"11":1,"12":0,"13":1,"14":1,"15":1,"16":1,"17":1,"18":0,"19":1,"20":1,"21":0,"22":0,"23":0,"24":1,"25":2,"26":2,"27":2,"28":1,"29":1,"30":1,"31":1,"32":1,"33":1},"f":{"0":0,"1":1,"2":1,"3":0,"4":2,"5":1},"b":{"0":[0,0],"1":[0,1],"2":[0,1]},"_coverageSchema":"1a1c01bbd47fc00a2c39e90264f33305004495a9","hash":"116bb95474867150ccd564ac901303308e0facc3"}
,"/home/doolanw/Coder Academy/Term_3/assessment/Wade Doolan_T3A2-B/customer-credit-app/customer-credit-app-api/src/middlewares/auth.js": {"path":"/home/doolanw/Coder Academy/Term_3/assessment/Wade Doolan_T3A2-B/customer-credit-app/customer-credit-app-api/src/middlewares/auth.js","statementMap":{"0":{"start":{"line":1,"column":12},"end":{"line":1,"column":35}},"1":{"start":{"line":5,"column":16},"end":{"line":5,"column":44}},"2":{"start":{"line":6,"column":4},"end":{"line":6,"column":34}},"3":{"start":{"line":9,"column":4},"end":{"line":11,"column":5}},"4":{"start":{"line":10,"column":8},"end":{"line":10,"column":67}},"5":{"start":{"line":13,"column":4},"end":{"line":22,"column":5}},"6":{"start":{"line":15,"column":24},"end":{"line":15,"column":65}},"7":{"start":{"line":17,"column":8},"end":{"line":17,"column":33}},"8":{"start":{"line":18,"column":8},"end":{"line":18,"column":14}},"9":{"start":{"line":20,"column":8},"end":{"line":20,"column":24}},"10":{"start":{"line":21,"column":8},"end":{"line":21,"column":67}},"11":{"start":{"line":25,"column":0},"end":{"line":25,"column":21}}},"fnMap":{"0":{"name":"auth","decl":{"start":{"line":3,"column":9},"end":{"line":3,"column":13}},"loc":{"start":{"line":3,"column":39},"end":{"line":23,"column":1}},"line":3}},"branchMap":{"0":{"loc":{"start":{"line":9,"column":4},"end":{"line":11,"column":5}},"type":"if","locations":[{"start":{"line":9,"column":4},"end":{"line":11,"column":5}},{"start":{},"end":{}}],"line":9}},"s":{"0":1,"1":11,"2":11,"3":11,"4":1,"5":10,"6":10,"7":10,"8":10,"9":0,"10":0,"11":1},"f":{"0":11},"b":{"0":[1,10]},"_coverageSchema":"1a1c01bbd47fc00a2c39e90264f33305004495a9","hash":"2d1424f2536b1b1cde94bcd1edc0dc2284ddc991"}
,"/home/doolanw/Coder Academy/Term_3/assessment/Wade Doolan_T3A2-B/customer-credit-app/customer-credit-app-api/src/models/customer.js": {"path":"/home/doolanw/Coder Academy/Term_3/assessment/Wade Doolan_T3A2-B/customer-credit-app/customer-credit-app-api/src/models/customer.js","statementMap":{"0":{"start":{"line":1,"column":17},"end":{"line":1,"column":36}},"1":{"start":{"line":3,"column":23},"end":{"line":38,"column":2}},"2":{"start":{"line":40,"column":17},"end":{"line":40,"column":59}},"3":{"start":{"line":42,"column":0},"end":{"line":42,"column":25}}},"fnMap":{},"branchMap":{},"s":{"0":1,"1":1,"2":1,"3":1},"f":{},"b":{},"_coverageSchema":"1a1c01bbd47fc00a2c39e90264f33305004495a9","hash":"ea53f6eb7848ff7ae5e738777dc8c2ced71842f9"}
,"/home/doolanw/Coder Academy/Term_3/assessment/Wade Doolan_T3A2-B/customer-credit-app/customer-credit-app-api/src/models/user.js": {"path":"/home/doolanw/Coder Academy/Term_3/assessment/Wade Doolan_T3A2-B/customer-credit-app/customer-credit-app-api/src/models/user.js","statementMap":{"0":{"start":{"line":1,"column":17},"end":{"line":1,"column":36}},"1":{"start":{"line":3,"column":19},"end":{"line":53,"column":2}},"2":{"start":{"line":55,"column":13},"end":{"line":55,"column":47}},"3":{"start":{"line":57,"column":0},"end":{"line":57,"column":21}}},"fnMap":{},"branchMap":{},"s":{"0":1,"1":1,"2":1,"3":1},"f":{},"b":{},"_coverageSchema":"1a1c01bbd47fc00a2c39e90264f33305004495a9","hash":"29f178ed5340c2a870d5b5374b0a8ece7f1d78fe"}
}
