TN:
SF:src/server.js
FN:26,(anonymous_0)
FNF:1
FNH:1
FNDA:2,(anonymous_0)
DA:1,4
DA:2,4
DA:3,4
DA:4,4
DA:6,4
DA:7,4
DA:8,4
DA:11,4
DA:13,4
DA:15,4
DA:17,4
DA:22,4
DA:24,4
DA:26,4
DA:27,2
DA:32,4
DA:33,4
DA:34,4
DA:36,4
LF:19
LH:19
BRDA:24,0,0,4
BRDA:24,0,1,0
BRF:2
BRH:1
end_of_record
TN:
SF:src/controllers/customers/customerFunctions.js
FN:7,getCustomers
FN:16,getCustomerById
FN:30,addCustomer
FN:38,updateCustomer
FN:46,deleteCustomer
FNF:5
FNH:5
FNDA:2,getCustomers
FNDA:3,getCustomerById
FNDA:2,addCustomer
FNDA:2,updateCustomer
FNDA:2,deleteCustomer
DA:3,4
DA:10,2
DA:12,2
DA:18,3
DA:19,3
DA:20,2
DA:22,1
DA:32,2
DA:33,2
DA:39,2
DA:41,2
DA:48,2
DA:50,2
DA:56,4
LF:14
LH:14
BRDA:10,0,0,1
BRDA:10,0,1,1
BRF:2
BRH:2
end_of_record
TN:
SF:src/controllers/customers/customerRoutes.js
FN:11,(anonymous_0)
FN:22,(anonymous_1)
FN:35,(anonymous_2)
FN:52,(anonymous_3)
FN:65,(anonymous_4)
FNF:5
FNH:5
FNDA:2,(anonymous_0)
FNDA:3,(anonymous_1)
FNDA:2,(anonymous_2)
FNDA:2,(anonymous_3)
FNDA:2,(anonymous_4)
DA:1,4
DA:3,4
DA:5,4
DA:7,4
DA:11,4
DA:13,2
DA:14,2
DA:17,2
DA:19,2
DA:22,4
DA:23,3
DA:25,3
DA:26,1
DA:31,3
DA:35,4
DA:37,2
DA:39,2
DA:48,2
DA:52,4
DA:53,2
DA:62,2
DA:65,4
DA:66,2
DA:67,2
DA:75,4
LF:25
LH:25
BRDA:25,0,0,1
BRDA:25,0,1,2
BRF:2
BRH:2
end_of_record
TN:
SF:src/controllers/metrics/metricsFunctions.js
FN:8,customerCount
FN:28,sumCredit
FN:53,(anonymous_2)
FN:66,(anonymous_3)
FNF:4
FNH:4
FNDA:2,customerCount
FNDA:2,sumCredit
FNDA:1,(anonymous_2)
FNDA:1,(anonymous_3)
DA:1,4
DA:3,4
DA:4,4
DA:10,2
DA:11,1
DA:14,1
DA:17,1
DA:20,1
DA:32,2
DA:34,2
DA:36,2
DA:37,1
DA:42,2
DA:43,2
DA:45,1
DA:53,1
DA:57,1
DA:66,1
DA:70,2
DA:74,2
DA:76,2
DA:85,4
LF:22
LH:22
BRDA:10,0,0,1
BRDA:10,0,1,1
BRDA:36,1,0,1
BRDA:36,1,1,1
BRDA:43,2,0,1
BRDA:43,2,1,1
BRDA:70,3,0,2
BRDA:70,3,1,0
BRF:8
BRH:7
end_of_record
TN:
SF:src/controllers/metrics/metricsRoutes.js
FN:10,(anonymous_0)
FNF:1
FNH:1
FNDA:2,(anonymous_0)
DA:1,4
DA:3,4
DA:5,4
DA:7,4
DA:10,4
DA:12,2
DA:13,2
DA:16,2
DA:19,2
DA:21,2
DA:25,2
DA:28,2
DA:45,2
DA:51,4
LF:14
LH:14
BRF:0
BRH:0
end_of_record
TN:
SF:src/controllers/users/userFunctions.js
FN:9,signUpUser
FN:41,signInUser
FN:77,getUserDetails
FN:90,getAllUsers
FN:101,updateUserDetails
FN:128,deleteUser
FNF:6
FNH:6
FNDA:2,signUpUser
FNDA:4,signInUser
FNDA:3,getUserDetails
FNDA:1,getAllUsers
FNDA:3,updateUserDetails
FNDA:2,deleteUser
DA:1,4
DA:2,4
DA:3,4
DA:5,4
DA:6,4
DA:11,2
DA:12,2
DA:13,1
DA:15,1
DA:17,1
DA:31,1
DA:35,1
DA:37,1
DA:43,4
DA:45,4
DA:46,1
DA:50,3
DA:52,3
DA:53,1
DA:58,2
DA:61,2
DA:62,1
DA:65,2
DA:70,2
DA:72,2
DA:79,3
DA:80,3
DA:81,3
DA:84,0
DA:92,1
DA:93,1
DA:94,1
DA:96,0
DA:104,3
DA:106,3
DA:107,1
DA:111,2
DA:123,2
DA:131,2
DA:132,1
DA:139,1
DA:145,1
DA:147,1
DA:156,4
LF:44
LH:42
BRDA:12,0,0,1
BRDA:12,0,1,1
BRDA:45,1,0,1
BRDA:45,1,1,3
BRDA:52,2,0,1
BRDA:52,2,1,2
BRDA:61,3,0,1
BRDA:61,3,1,1
BRDA:61,4,0,2
BRDA:61,4,1,1
BRDA:92,5,0,1
BRDA:92,5,1,0
BRDA:106,6,0,1
BRDA:106,6,1,2
BRDA:131,7,0,1
BRDA:131,7,1,1
BRF:16
BRH:15
end_of_record
TN:
SF:src/controllers/users/userRoutes.js
FN:11,(anonymous_0)
FN:29,(anonymous_1)
FN:45,(anonymous_2)
FN:63,(anonymous_3)
FN:74,(anonymous_4)
FN:95,(anonymous_5)
FNF:6
FNH:6
FNDA:2,(anonymous_0)
FNDA:4,(anonymous_1)
FNDA:3,(anonymous_2)
FNDA:1,(anonymous_3)
FNDA:3,(anonymous_4)
FNDA:2,(anonymous_5)
DA:1,4
DA:3,4
DA:5,4
DA:7,4
DA:11,4
DA:12,2
DA:23,2
DA:24,1
DA:26,1
DA:29,4
DA:30,4
DA:34,4
DA:35,2
DA:39,2
DA:45,4
DA:47,3
DA:49,3
DA:51,3
DA:52,0
DA:57,3
DA:63,4
DA:64,1
DA:66,1
DA:68,1
DA:74,4
DA:76,3
DA:78,3
DA:90,3
DA:95,4
DA:97,2
DA:98,2
DA:102,2
DA:104,2
DA:110,4
LF:34
LH:33
BRDA:23,0,0,1
BRDA:23,0,1,1
BRDA:34,1,0,2
BRDA:34,1,1,2
BRDA:51,2,0,0
BRDA:51,2,1,3
BRF:6
BRH:5
end_of_record
TN:
SF:src/middlewares/auth.js
FN:3,auth
FNF:1
FNH:1
FNDA:24,auth
DA:1,4
DA:5,24
DA:6,24
DA:9,24
DA:10,2
DA:13,22
DA:15,22
DA:17,22
DA:18,22
DA:20,0
DA:21,0
DA:25,4
LF:12
LH:10
BRDA:9,0,0,2
BRDA:9,0,1,22
BRF:2
BRH:2
end_of_record
TN:
SF:src/models/customer.js
FNF:0
FNH:0
DA:1,4
DA:3,4
DA:40,4
DA:42,4
LF:4
LH:4
BRF:0
BRH:0
end_of_record
TN:
SF:src/models/user.js
FNF:0
FNH:0
DA:1,4
DA:3,4
DA:55,4
DA:57,4
LF:4
LH:4
BRF:0
BRH:0
end_of_record
