TN:
SF:src/server.js
FN:26,(anonymous_0)
FNF:1
FNH:1
FNDA:1,(anonymous_0)
DA:1,1
DA:2,1
DA:3,1
DA:4,1
DA:6,1
DA:7,1
DA:8,1
DA:11,1
DA:13,1
DA:15,1
DA:17,1
DA:22,1
DA:24,1
DA:26,1
DA:27,1
DA:32,1
DA:33,1
DA:34,1
DA:36,1
LF:19
LH:19
BRDA:24,0,0,1
BRDA:24,0,1,0
BRF:2
BRH:1
end_of_record
TN:
SF:src/controllers/customers/customerFunctions.js
FN:7,getCustomers
FN:16,getCustomerById
FN:30,addCustomer
FN:38,updateCustomer
FN:46,deleteCustomer
FNF:5
FNH:5
FNDA:1,getCustomers
FNDA:1,getCustomerById
FNDA:1,addCustomer
FNDA:1,updateCustomer
FNDA:1,deleteCustomer
DA:3,1
DA:10,1
DA:12,1
DA:18,1
DA:19,1
DA:20,1
DA:22,0
DA:32,1
DA:33,1
DA:39,1
DA:41,1
DA:48,1
DA:50,1
DA:56,1
LF:14
LH:13
BRDA:10,0,0,1
BRDA:10,0,1,0
BRF:2
BRH:1
end_of_record
TN:
SF:src/controllers/customers/customerRoutes.js
FN:11,(anonymous_0)
FN:22,(anonymous_1)
FN:35,(anonymous_2)
FN:52,(anonymous_3)
FN:65,(anonymous_4)
FNF:5
FNH:5
FNDA:1,(anonymous_0)
FNDA:1,(anonymous_1)
FNDA:1,(anonymous_2)
FNDA:1,(anonymous_3)
FNDA:1,(anonymous_4)
DA:1,1
DA:3,1
DA:5,1
DA:7,1
DA:11,1
DA:13,1
DA:14,1
DA:17,1
DA:19,1
DA:22,1
DA:23,1
DA:25,1
DA:26,0
DA:31,1
DA:35,1
DA:37,1
DA:39,1
DA:48,1
DA:52,1
DA:53,1
DA:62,1
DA:65,1
DA:66,1
DA:67,1
DA:75,1
LF:25
LH:24
BRDA:25,0,0,0
BRDA:25,0,1,1
BRF:2
BRH:1
end_of_record
TN:
SF:src/controllers/metrics/metricsFunctions.js
FN:8,customerCount
FN:28,sumCredit
FN:53,(anonymous_2)
FN:66,(anonymous_3)
FNF:4
FNH:3
FNDA:1,customerCount
FNDA:1,sumCredit
FNDA:1,(anonymous_2)
FNDA:0,(anonymous_3)
DA:1,1
DA:3,1
DA:4,1
DA:10,1
DA:11,1
DA:14,1
DA:17,0
DA:20,0
DA:32,1
DA:34,1
DA:36,1
DA:37,0
DA:42,1
DA:43,1
DA:45,1
DA:53,1
DA:57,0
DA:66,0
DA:70,1
DA:74,1
DA:76,1
DA:85,1
LF:22
LH:17
BRDA:10,0,0,1
BRDA:10,0,1,0
BRDA:36,1,0,0
BRDA:36,1,1,1
BRDA:43,2,0,1
BRDA:43,2,1,0
BRDA:70,3,0,1
BRDA:70,3,1,0
BRF:8
BRH:4
end_of_record
TN:
SF:src/controllers/metrics/metricsRoutes.js
FN:10,(anonymous_0)
FNF:1
FNH:1
FNDA:1,(anonymous_0)
DA:1,1
DA:3,1
DA:5,1
DA:7,1
DA:10,1
DA:12,1
DA:13,1
DA:16,1
DA:19,1
DA:21,1
DA:25,1
DA:28,1
DA:45,1
DA:51,1
LF:14
LH:14
BRF:0
BRH:0
end_of_record
TN:
SF:src/controllers/users/userFunctions.js
FN:9,signUpUser
FN:41,signInUser
FN:77,getUserDetails
FN:89,getAllUsers
FN:100,updateUserDetails
FN:126,deleteUser
FNF:6
FNH:4
FNDA:0,signUpUser
FNDA:1,signInUser
FNDA:1,getUserDetails
FNDA:0,getAllUsers
FNDA:2,updateUserDetails
FNDA:1,deleteUser
DA:1,1
DA:2,1
DA:3,1
DA:5,1
DA:6,1
DA:11,0
DA:12,0
DA:13,0
DA:15,0
DA:17,0
DA:31,0
DA:35,0
DA:37,0
DA:43,1
DA:45,1
DA:46,0
DA:50,1
DA:52,1
DA:53,0
DA:58,1
DA:61,1
DA:62,1
DA:65,1
DA:70,1
DA:72,1
DA:79,1
DA:80,1
DA:81,1
DA:84,0
DA:91,0
DA:92,0
DA:93,0
DA:95,0
DA:103,2
DA:104,2
DA:105,1
DA:109,1
DA:121,1
DA:129,1
DA:130,1
DA:137,0
DA:143,0
DA:145,0
DA:154,1
LF:44
LH:26
BRDA:12,0,0,0
BRDA:12,0,1,0
BRDA:45,1,0,0
BRDA:45,1,1,1
BRDA:52,2,0,0
BRDA:52,2,1,1
BRDA:61,3,0,1
BRDA:61,3,1,0
BRDA:61,4,0,1
BRDA:61,4,1,1
BRDA:91,5,0,0
BRDA:91,5,1,0
BRDA:104,6,0,1
BRDA:104,6,1,1
BRDA:129,7,0,1
BRDA:129,7,1,0
BRF:16
BRH:8
end_of_record
TN:
SF:src/controllers/users/userRoutes.js
FN:11,(anonymous_0)
FN:29,(anonymous_1)
FN:43,(anonymous_2)
FN:61,(anonymous_3)
FN:72,(anonymous_4)
FN:93,(anonymous_5)
FNF:6
FNH:4
FNDA:0,(anonymous_0)
FNDA:1,(anonymous_1)
FNDA:1,(anonymous_2)
FNDA:0,(anonymous_3)
FNDA:2,(anonymous_4)
FNDA:1,(anonymous_5)
DA:1,1
DA:3,1
DA:5,1
DA:7,1
DA:11,1
DA:12,0
DA:23,0
DA:24,0
DA:26,0
DA:29,1
DA:30,1
DA:34,1
DA:35,0
DA:37,1
DA:43,1
DA:45,1
DA:47,1
DA:49,1
DA:50,0
DA:55,1
DA:61,1
DA:62,0
DA:64,0
DA:66,0
DA:72,1
DA:74,2
DA:76,2
DA:88,2
DA:93,1
DA:95,1
DA:96,1
DA:98,1
DA:100,1
DA:106,1
LF:34
LH:25
BRDA:23,0,0,0
BRDA:23,0,1,0
BRDA:34,1,0,0
BRDA:34,1,1,1
BRDA:49,2,0,0
BRDA:49,2,1,1
BRF:6
BRH:2
end_of_record
TN:
SF:src/middlewares/auth.js
FN:3,auth
FNF:1
FNH:1
FNDA:11,auth
DA:1,1
DA:5,11
DA:6,11
DA:9,11
DA:10,1
DA:13,10
DA:15,10
DA:17,10
DA:18,10
DA:20,0
DA:21,0
DA:25,1
LF:12
LH:10
BRDA:9,0,0,1
BRDA:9,0,1,10
BRF:2
BRH:2
end_of_record
TN:
SF:src/models/customer.js
FNF:0
FNH:0
DA:1,1
DA:3,1
DA:40,1
DA:42,1
LF:4
LH:4
BRF:0
BRH:0
end_of_record
TN:
SF:src/models/user.js
FNF:0
FNH:0
DA:1,1
DA:3,1
DA:55,1
DA:57,1
LF:4
LH:4
BRF:0
BRH:0
end_of_record
